<?xml version="1.0" encoding="UTF-8"?>
<!-- Generated by org.testng.reporters.JUnitReportReporter -->
<testsuite hostname="a" name="pageObjects.ParkingCost" tests="2" failures="0" timestamp="2 Jan 2021 16:08:44 GMT" time="2.329" errors="0">
  <testcase name="TC01" time="0.009" classname="pageObjects.ParkingCost"/>
  <testcase name="TC02" time="2.320" classname="pageObjects.ParkingCost"/>
</testsuite> <!-- pageObjects.ParkingCost -->
