<?xml version="1.0" encoding="UTF-8"?>
<!-- Generated by org.testng.reporters.JUnitReportReporter -->
<testsuite hostname="a" name="testScripts.HomePage" tests="1" failures="0" timestamp="8 Mar 2021 06:49:22 GMT" time="19.784" errors="0">
  <testcase name="TC00" time="19.784" classname="testScripts.HomePage"/>
</testsuite> <!-- testScripts.HomePage -->
